<?xml version="1.0" encoding="UTF-8"?>
<testsuite xmlns:xsi="http://www.w3.org/2001/XMLSchema-instance" xsi:noNamespaceSchemaLocation="https://maven.apache.org/surefire/maven-surefire-plugin/xsd/surefire-test-report.xsd" name="com.ryanalexander.minipro.PslApplicationTests" time="8.416" tests="3" errors="0" skipped="0" failures="0">
  <properties>
[...]
</properties>
  <testcase name="CCidTrim" classname="com.ryanalexander.minipro.PslApplicationTests" time="0.35"/>
  <testcase name="contextLoads" classname="com.ryanalexander.minipro.PslApplicationTests" time="0.132"/>
  <testcase name="redisTest" classname="com.ryanalexander.minipro.PslApplicationTests" time="2.625"/>
</testsuite>